<?xml version="1.0" encoding="UTF-8"?>
<!-- Generated by org.testng.reporters.JUnitXMLReporter -->
<testsuite ignored="6" hostname="MSI" failures="0" tests="3" name="Surefire test" time="53.883" errors="0" timestamp="2025-07-04T16:44:50 IST">
  <testcase classname="tests.NavigationTest" name="testNavigateToProductUpdates" time="6.278"/>
  <testcase classname="tests.SignInTest" name="testFormFieldInteraction" time="10.91"/>
  <testcase classname="tests.SignupTest" name="testSignupFormInput" time="9.016"/>
  <testcase classname="tests.BaseTest" name="@AfterSuite flushReports" time="0.0">
    <ignored/>
  </testcase> <!-- @AfterSuite flushReports -->
  <testcase classname="tests.BaseTest" name="@BeforeSuite initializeReports" time="0.0">
    <ignored/>
  </testcase> <!-- @BeforeSuite initializeReports -->
  <testcase classname="tests.BaseTest" name="@AfterSuite flushReports" time="0.0">
    <ignored/>
  </testcase> <!-- @AfterSuite flushReports -->
  <testcase classname="tests.BaseTest" name="@BeforeSuite initializeReports" time="0.0">
    <ignored/>
  </testcase> <!-- @BeforeSuite initializeReports -->
  <testcase classname="tests.BaseTest" name="@BeforeSuite initializeReports" time="0.0">
    <ignored/>
  </testcase> <!-- @BeforeSuite initializeReports -->
  <testcase classname="tests.BaseTest" name="@AfterSuite flushReports" time="0.0">
    <ignored/>
  </testcase> <!-- @AfterSuite flushReports -->
</testsuite> <!-- Surefire test -->
