<?xml version="1.0" encoding="UTF-8"?>
<!-- Generated by org.testng.reporters.JUnitXMLReporter -->
<testsuite ignored="4" hostname="MSI" failures="0" tests="3" name="Test" time="76.504" errors="0" timestamp="2025-07-04T16:02:29 IST">
  <testcase classname="tests.SignupTest" name="testSignupFormInput" time="14.02"/>
  <testcase classname="tests.SignInTest" name="testFormFieldInteraction" time="9.147"/>
  <testcase classname="tests.NavigationTest" name="testNavigateToProductUpdates" time="5.599"/>
  <testcase classname="tests.BaseTest" name="@AfterSuite flushReports" time="0.0">
    <ignored/>
  </testcase> <!-- @AfterSuite flushReports -->
  <testcase classname="tests.BaseTest" name="@AfterSuite flushReports" time="0.0">
    <ignored/>
  </testcase> <!-- @AfterSuite flushReports -->
  <testcase classname="tests.BaseTest" name="@BeforeSuite initializeReports" time="0.0">
    <ignored/>
  </testcase> <!-- @BeforeSuite initializeReports -->
  <testcase classname="tests.BaseTest" name="@BeforeSuite initializeReports" time="0.0">
    <ignored/>
  </testcase> <!-- @BeforeSuite initializeReports -->
</testsuite> <!-- Test -->
