<?xml version="1.0" encoding="UTF-8"?>
<testng-results ignored="0" total="3" passed="3" failed="0" skipped="0">
  <reporter-output>
  </reporter-output>
  <suite started-at="2025-07-04T16:43:56 IST" name="Surefire suite" finished-at="2025-07-04T16:44:50 IST" duration-ms="53883">
    <groups>
    </groups>
    <test started-at="2025-07-04T16:43:56 IST" name="Surefire test" finished-at="2025-07-04T16:44:50 IST" duration-ms="53883">
      <class name="tests.BaseTest">
        <test-method is-config="true" signature="initializeReports()[pri:0, instance:tests.BaseTest@6f1c29b7]" started-at="2025-07-04T16:43:56 IST" name="initializeReports" finished-at="2025-07-04T16:43:56 IST" duration-ms="241" status="PASS">
          <reporter-output>
          </reporter-output>
        </test-method> <!-- initializeReports -->
        <test-method is-config="true" signature="flushReports()[pri:0, instance:tests.BaseTest@6f1c29b7]" started-at="2025-07-04T16:44:50 IST" name="flushReports" finished-at="2025-07-04T16:44:50 IST" duration-ms="353" status="PASS">
          <reporter-output>
          </reporter-output>
        </test-method> <!-- flushReports -->
      </class> <!-- tests.BaseTest -->
      <class name="tests.SignupTest">
        <test-method is-config="true" signature="setUp(java.lang.reflect.Method)[pri:0, instance:tests.SignupTest@3e44f2a5]" started-at="2025-07-04T16:44:32 IST" name="setUp" finished-at="2025-07-04T16:44:40 IST" duration-ms="7755" status="PASS">
          <params>
            <param index="0">
              <value>
                <![CDATA[public void tests.SignupTest.testSignupFormInput()]]>
              </value>
            </param>
          </params>
          <reporter-output>
          </reporter-output>
        </test-method> <!-- setUp -->
        <test-method signature="testSignupFormInput()[pri:0, instance:tests.SignupTest@3e44f2a5]" started-at="2025-07-04T16:44:40 IST" name="testSignupFormInput" finished-at="2025-07-04T16:44:49 IST" duration-ms="9016" status="PASS">
          <reporter-output>
          </reporter-output>
        </test-method> <!-- testSignupFormInput -->
        <test-method is-config="true" signature="tearDown(org.testng.ITestResult)[pri:0, instance:tests.SignupTest@3e44f2a5]" started-at="2025-07-04T16:44:49 IST" name="tearDown" finished-at="2025-07-04T16:44:50 IST" duration-ms="637" status="PASS">
          <params>
            <param index="0">
              <value>
                <![CDATA[[TestResult name=testSignupFormInput status=SUCCESS method=SignupTest.testSignupFormInput()[pri:0, instance:tests.SignupTest@3e44f2a5] output={null}]]]>
              </value>
            </param>
          </params>
          <reporter-output>
          </reporter-output>
        </test-method> <!-- tearDown -->
      </class> <!-- tests.SignupTest -->
      <class name="tests.SignInTest">
        <test-method is-config="true" signature="setUp(java.lang.reflect.Method)[pri:0, instance:tests.SignInTest@748741cb]" started-at="2025-07-04T16:44:12 IST" name="setUp" finished-at="2025-07-04T16:44:21 IST" duration-ms="9009" status="PASS">
          <params>
            <param index="0">
              <value>
                <![CDATA[public void tests.SignInTest.testFormFieldInteraction()]]>
              </value>
            </param>
          </params>
          <reporter-output>
          </reporter-output>
        </test-method> <!-- setUp -->
        <test-method signature="testFormFieldInteraction()[pri:0, instance:tests.SignInTest@748741cb]" started-at="2025-07-04T16:44:21 IST" name="testFormFieldInteraction" finished-at="2025-07-04T16:44:32 IST" duration-ms="10910" status="PASS">
          <reporter-output>
          </reporter-output>
        </test-method> <!-- testFormFieldInteraction -->
        <test-method is-config="true" signature="tearDown(org.testng.ITestResult)[pri:0, instance:tests.SignInTest@748741cb]" started-at="2025-07-04T16:44:32 IST" name="tearDown" finished-at="2025-07-04T16:44:32 IST" duration-ms="702" status="PASS">
          <params>
            <param index="0">
              <value>
                <![CDATA[[TestResult name=testFormFieldInteraction status=SUCCESS method=SignInTest.testFormFieldInteraction()[pri:0, instance:tests.SignInTest@748741cb] output={null}]]]>
              </value>
            </param>
          </params>
          <reporter-output>
          </reporter-output>
        </test-method> <!-- tearDown -->
      </class> <!-- tests.SignInTest -->
      <class name="tests.NavigationTest">
        <test-method is-config="true" signature="setUp(java.lang.reflect.Method)[pri:0, instance:tests.NavigationTest@2e32ccc5]" started-at="2025-07-04T16:43:56 IST" name="setUp" finished-at="2025-07-04T16:44:05 IST" duration-ms="8928" status="PASS">
          <params>
            <param index="0">
              <value>
                <![CDATA[public void tests.NavigationTest.testNavigateToProductUpdates()]]>
              </value>
            </param>
          </params>
          <reporter-output>
          </reporter-output>
        </test-method> <!-- setUp -->
        <test-method signature="testNavigateToProductUpdates()[pri:0, instance:tests.NavigationTest@2e32ccc5]" started-at="2025-07-04T16:44:05 IST" name="testNavigateToProductUpdates" finished-at="2025-07-04T16:44:11 IST" duration-ms="6278" status="PASS">
          <reporter-output>
          </reporter-output>
        </test-method> <!-- testNavigateToProductUpdates -->
        <test-method is-config="true" signature="tearDown(org.testng.ITestResult)[pri:0, instance:tests.NavigationTest@2e32ccc5]" started-at="2025-07-04T16:44:11 IST" name="tearDown" finished-at="2025-07-04T16:44:12 IST" duration-ms="614" status="PASS">
          <params>
            <param index="0">
              <value>
                <![CDATA[[TestResult name=testNavigateToProductUpdates status=SUCCESS method=NavigationTest.testNavigateToProductUpdates()[pri:0, instance:tests.NavigationTest@2e32ccc5] output={null}]]]>
              </value>
            </param>
          </params>
          <reporter-output>
          </reporter-output>
        </test-method> <!-- tearDown -->
      </class> <!-- tests.NavigationTest -->
    </test> <!-- Surefire test -->
  </suite> <!-- Surefire suite -->
</testng-results>
